<?xml version="1.0" encoding="UTF-8"?>
<!-- Generated by org.testng.reporters.JUnitReportReporter -->
<testsuite hostname="DESKTOP-KNOMQ1P" failures="0" tests="1" name="mavenjava.LoginTest" time="0.005" errors="0" timestamp="2021-08-10T23:16:42 IST" skipped="0">
  <testcase classname="mavenjava.LoginTest" name="login" time="0.005"/>
  <system-out/>
</testsuite> <!-- mavenjava.LoginTest -->
