<?xml version="1.0" encoding="UTF-8"?>
<!-- Generated by org.testng.reporters.JUnitReportReporter -->
<testsuite skipped="0" hostname="DESKTOP-KNOMQ1P" name="mavenjava.LogoutTest" tests="1" failures="0" timestamp="10 Aug 2021 17:51:25 GMT" time="0.000" errors="0">
  <testcase name="logout" time="0.000" classname="mavenjava.LogoutTest"/>
</testsuite> <!-- mavenjava.LogoutTest -->
